{
  "RSpec": {
    "coverage": {
      "/Users/yuvaneshrajamani/Desktop/606 project/CSCE606_Project/spec/tests/applicant_search_spec.rb": {
        "lines": [
          1,
          null,
          1,
          null,
          1,
          2,
          null,
          null,
          null,
          null,
          null,
          null,
          null,
          null,
          null,
          null,
          null,
          1,
          2,
          null,
          null,
          null,
          null,
          null,
          null,
          null,
          null,
          null,
          null,
          null,
          1,
          2,
          null,
          null,
          null,
          null,
          null,
          null,
          null,
          null,
          null,
          null,
          null,
          null,
          1,
          1,
          1,
          1,
          null,
          1,
          1,
          1,
          null,
          null,
          1,
          1,
          1,
          1,
          null,
          1,
          1,
          1,
          null,
          null
        ]
      },
      "/Users/yuvaneshrajamani/Desktop/606 project/CSCE606_Project/spec/rails_helper.rb": {
        "lines": [
          null,
          null,
          null,
          1,
          1,
          1,
          null,
          1,
          null,
          null,
          null,
          1,
          null,
          null,
          null,
          null,
          null,
          null,
          null,
          null,
          null,
          null,
          null,
          null,
          null,
          null,
          null,
          null,
          null,
          null,
          null,
          null,
          1,
          null,
          0,
          null,
          1,
          null,
          1,
          null,
          null,
          null,
          null,
          null,
          null,
          1,
          null,
          null,
          null,
          null,
          null,
          null,
          null,
          null,
          null,
          null,
          null,
          null,
          null,
          null,
          null,
          null,
          null,
          null,
          null,
          null,
          null,
          null,
          1,
          null,
          null,
          null
        ]
      },
      "/Users/yuvaneshrajamani/Desktop/606 project/CSCE606_Project/config/environment.rb": {
        "lines": [
          null,
          null,
          null,
          1,
          null,
          null,
          1
        ]
      },
      "/Users/yuvaneshrajamani/Desktop/606 project/CSCE606_Project/config/application.rb": {
        "lines": [
          null,
          null,
          1,
          null,
          1,
          null,
          null,
          null,
          1,
          null,
          1,
          1,
          null,
          1,
          null,
          null,
          null,
          null,
          1,
          null,
          null,
          null,
          null,
          null,
          null,
          null,
          null,
          null,
          null
        ]
      },
      "/Users/yuvaneshrajamani/Desktop/606 project/CSCE606_Project/config/boot.rb": {
        "lines": [
          null,
          null,
          1,
          null,
          1,
          1
        ]
      },
      "/Users/yuvaneshrajamani/Desktop/606 project/CSCE606_Project/config/environments/test.rb": {
        "lines": [
          null,
          null,
          1,
          null,
          null,
          null,
          null,
          null,
          null,
          1,
          null,
          1,
          1,
          null,
          null,
          null,
          null,
          1,
          null,
          null,
          null,
          null,
          null,
          1,
          null,
          null,
          1,
          null,
          null,
          1,
          1,
          1,
          null,
          null,
          1,
          null,
          null,
          1,
          null,
          null,
          1,
          null,
          null,
          null,
          1,
          null,
          null,
          null,
          null,
          1,
          null,
          null,
          null,
          1,
          null,
          null,
          1,
          null,
          null,
          1,
          null,
          null,
          1,
          null,
          null,
          null,
          null,
          null,
          null,
          null,
          null,
          1,
          null
        ]
      },
      "/Users/yuvaneshrajamani/Desktop/606 project/CSCE606_Project/config/initializers/assets.rb": {
        "lines": [
          null,
          null,
          null,
          null,
          null,
          1,
          null,
          null,
          null,
          null,
          null,
          null,
          null,
          null
        ]
      },
      "/Users/yuvaneshrajamani/Desktop/606 project/CSCE606_Project/config/initializers/content_security_policy.rb": {
        "lines": [
          null,
          null,
          null,
          null,
          null,
          null,
          null,
          null,
          null,
          null,
          null,
          null,
          null,
          null,
          null,
          null,
          null,
          null,
          null,
          null,
          null,
          null,
          null,
          null,
          null,
          null,
          null
        ]
      },
      "/Users/yuvaneshrajamani/Desktop/606 project/CSCE606_Project/config/initializers/filter_parameter_logging.rb": {
        "lines": [
          null,
          null,
          null,
          null,
          null,
          null,
          null,
          1,
          null,
          null
        ]
      },
      "/Users/yuvaneshrajamani/Desktop/606 project/CSCE606_Project/config/initializers/inflections.rb": {
        "lines": [
          null,
          null,
          null,
          null,
          null,
          null,
          null,
          null,
          null,
          null,
          null,
          null,
          null,
          null,
          null,
          null,
          null,
          null
        ]
      },
      "/Users/yuvaneshrajamani/Desktop/606 project/CSCE606_Project/config/initializers/permissions_policy.rb": {
        "lines": [
          null,
          null,
          null,
          null,
          null,
          null,
          null,
          null,
          null,
          null,
          null,
          null,
          null,
          null,
          null
        ]
      },
      "/Users/yuvaneshrajamani/Desktop/606 project/CSCE606_Project/config/routes.rb": {
        "lines": [
          null,
          null,
          1,
          1,
          1,
          1,
          1,
          1,
          null,
          1,
          null,
          1,
          1,
          1,
          1,
          1,
          null,
          null,
          null,
          1,
          1,
          1,
          1,
          null,
          null,
          null,
          null,
          1,
          null,
          null,
          1,
          1,
          null,
          null,
          1,
          1,
          1,
          1,
          1,
          null,
          null,
          null,
          null,
          null,
          1,
          1,
          1,
          1,
          null,
          null,
          1,
          1,
          1,
          1,
          null,
          null,
          null,
          1,
          1,
          1,
          null,
          null,
          null,
          1,
          1,
          null,
          1,
          null,
          1,
          null,
          1,
          1,
          null
        ]
      },
      "/Users/yuvaneshrajamani/Desktop/606 project/CSCE606_Project/app/helpers/applicants_helper.rb": {
        "lines": [
          null,
          null,
          1,
          null
        ]
      },
      "/Users/yuvaneshrajamani/Desktop/606 project/CSCE606_Project/app/helpers/application_helper.rb": {
        "lines": [
          null,
          null,
          1,
          1,
          104,
          null,
          null
        ]
      },
      "/Users/yuvaneshrajamani/Desktop/606 project/CSCE606_Project/app/helpers/courses_helper.rb": {
        "lines": [
          null,
          null,
          1,
          null
        ]
      },
      "/Users/yuvaneshrajamani/Desktop/606 project/CSCE606_Project/app/helpers/home_helper.rb": {
        "lines": [
          null,
          null,
          1,
          null
        ]
      },
      "/Users/yuvaneshrajamani/Desktop/606 project/CSCE606_Project/app/helpers/recommendations_helper.rb": {
        "lines": [
          null,
          null,
          1,
          null
        ]
      },
      "/Users/yuvaneshrajamani/Desktop/606 project/CSCE606_Project/app/helpers/records_helper.rb": {
        "lines": [
          null,
          null,
          1,
          null
        ]
      },
      "/Users/yuvaneshrajamani/Desktop/606 project/CSCE606_Project/app/helpers/sessions_helper.rb": {
        "lines": [
          null,
          null,
          1,
          null
        ]
      },
      "/Users/yuvaneshrajamani/Desktop/606 project/CSCE606_Project/app/helpers/ta_assignments_helper.rb": {
        "lines": [
          null,
          null,
          1,
          null
        ]
      },
      "/Users/yuvaneshrajamani/Desktop/606 project/CSCE606_Project/spec/tests/applicant_spec.rb": {
        "lines": [
          null,
          null,
          1,
          null,
          null,
          1,
          1,
          1,
          null,
          null,
          null,
          null,
          null,
          null,
          null,
          null,
          null,
          null,
          null,
          1,
          1,
          1,
          null,
          null,
          null,
          null,
          1,
          1,
          1,
          1,
          1,
          1,
          null,
          null,
          null,
          null,
          1,
          2,
          null,
          null,
          null,
          null,
          null,
          null,
          null,
          null,
          null,
          null,
          1,
          1,
          1,
          null,
          null,
          1,
          1,
          null,
          null,
          null,
          null,
          null,
          1,
          1,
          1,
          null,
          1,
          null,
          null,
          1,
          1,
          1,
          null,
          null,
          1,
          1,
          null,
          1,
          null,
          null,
          1,
          1,
          null,
          1,
          null,
          null,
          1,
          1,
          null,
          1,
          null,
          null,
          1,
          1,
          null,
          1,
          null,
          null,
          1,
          1,
          null,
          1,
          null,
          null
        ]
      },
      "/Users/yuvaneshrajamani/Desktop/606 project/CSCE606_Project/app/controllers/applicants_controller.rb": {
        "lines": [
          null,
          null,
          1,
          1,
          null,
          null,
          1,
          4,
          4,
          4,
          4,
          4,
          4,
          null,
          null,
          null,
          1,
          null,
          null,
          null,
          1,
          0,
          null,
          null,
          null,
          1,
          null,
          null,
          null,
          1,
          0,
          0,
          null,
          0,
          null,
          null,
          0,
          null,
          0,
          0,
          0,
          0,
          0,
          null,
          0,
          0,
          0,
          null,
          null,
          null,
          null,
          null,
          1,
          1,
          1,
          1,
          1,
          1,
          null,
          0,
          0,
          0,
          null,
          null,
          null,
          null,
          null,
          1,
          1,
          null,
          1,
          1,
          1,
          null,
          1,
          null,
          null,
          null,
          1,
          null,
          1,
          2,
          null,
          null,
          null,
          1,
          1,
          null,
          null,
          null
        ]
      },
      "/Users/yuvaneshrajamani/Desktop/606 project/CSCE606_Project/app/controllers/application_controller.rb": {
        "lines": [
          null,
          null,
          1,
          1,
          null,
          1,
          null,
          1,
          29,
          null,
          29,
          29,
          null,
          null
        ]
      },
      "/Users/yuvaneshrajamani/Desktop/606 project/CSCE606_Project/app/models/applicant.rb": {
        "lines": [
          null,
          null,
          1,
          1,
          1,
          1,
          null,
          1,
          1,
          1,
          1,
          1,
          1,
          1,
          1,
          114,
          null,
          1,
          116,
          null,
          null
        ]
      },
      "/Users/yuvaneshrajamani/Desktop/606 project/CSCE606_Project/app/models/application_record.rb": {
        "lines": [
          null,
          null,
          1,
          1,
          null
        ]
      },
      "/Users/yuvaneshrajamani/Desktop/606 project/CSCE606_Project/spec/tests/course_spec.rb": {
        "lines": [
          null,
          null,
          1,
          null,
          1,
          null,
          null,
          1,
          1,
          1,
          null,
          null,
          null,
          null,
          null,
          null,
          null,
          1,
          0,
          null,
          null,
          1,
          1,
          1,
          null,
          null,
          1,
          1,
          null,
          null,
          null,
          1,
          2,
          1,
          1,
          null,
          null,
          null,
          null,
          1,
          1,
          1,
          1,
          1,
          null,
          null,
          null,
          null,
          1,
          2,
          1,
          1,
          1,
          null,
          null,
          1,
          1,
          null,
          null,
          null,
          1,
          2,
          2,
          1,
          1,
          1,
          null,
          null,
          1,
          1,
          null,
          null,
          null,
          null,
          null,
          1,
          6,
          null,
          1,
          1,
          1,
          null,
          1,
          1,
          1,
          null,
          null,
          1,
          1,
          1,
          null,
          1,
          1,
          1,
          null,
          null,
          1,
          1,
          1,
          null,
          1,
          1,
          1,
          null,
          null,
          1,
          1,
          1,
          null,
          1,
          1,
          1,
          null,
          null,
          1,
          1,
          1,
          null,
          1,
          1,
          1,
          null,
          null,
          null
        ]
      },
      "/Users/yuvaneshrajamani/Desktop/606 project/CSCE606_Project/app/controllers/courses_controller.rb": {
        "lines": [
          null,
          null,
          1,
          1,
          null,
          1,
          10,
          10,
          10,
          null,
          10,
          null,
          null,
          1,
          1,
          1,
          1,
          2,
          1,
          1,
          null,
          0,
          0,
          0,
          null,
          null,
          null,
          null,
          1,
          null,
          null,
          null,
          1,
          null,
          1,
          1,
          2,
          1,
          null,
          0,
          0,
          null,
          null,
          null,
          null,
          1,
          1,
          1,
          1,
          1,
          2,
          null,
          null,
          null,
          1,
          0,
          null,
          0,
          0,
          0,
          null,
          null,
          0,
          0,
          null,
          null,
          null,
          null,
          null,
          null,
          null,
          null,
          null,
          null,
          null,
          0,
          null,
          0,
          null,
          null,
          1,
          1,
          null,
          1,
          1,
          null,
          0,
          null,
          null,
          null,
          1,
          0,
          null,
          0,
          0,
          0,
          null,
          null,
          null,
          1,
          null,
          1,
          2,
          null,
          null,
          1,
          0,
          0,
          null,
          0,
          0,
          null,
          null,
          null,
          null
        ]
      },
      "/Users/yuvaneshrajamani/Desktop/606 project/CSCE606_Project/spec/tests/home_spec.rb": {
        "lines": [
          null,
          null,
          1,
          null,
          1,
          null,
          1,
          1,
          1,
          1,
          null,
          null,
          null
        ]
      },
      "/Users/yuvaneshrajamani/Desktop/606 project/CSCE606_Project/app/controllers/home_controller.rb": {
        "lines": [
          null,
          null,
          1,
          1,
          null,
          null
        ]
      },
      "/Users/yuvaneshrajamani/Desktop/606 project/CSCE606_Project/spec/tests/login_spec.rb": {
        "lines": [
          null,
          null,
          1,
          1,
          1,
          1,
          1,
          1,
          1,
          null,
          null,
          null,
          1,
          null,
          1,
          1,
          1,
          null,
          1,
          1,
          null,
          null,
          null,
          1,
          1,
          1,
          null,
          1,
          1,
          null,
          null,
          null,
          null,
          1,
          1,
          2,
          null,
          null,
          1,
          1,
          1,
          1,
          null,
          null,
          1,
          1,
          1,
          1,
          null,
          null,
          null
        ]
      },
      "/Users/yuvaneshrajamani/Desktop/606 project/CSCE606_Project/app/controllers/sessions_controller.rb": {
        "lines": [
          null,
          null,
          1,
          1,
          null,
          null,
          1,
          4,
          4,
          null,
          null,
          4,
          3,
          3,
          null,
          1,
          1,
          null,
          null,
          null,
          1,
          2,
          2,
          null,
          null
        ]
      },
      "/Users/yuvaneshrajamani/Desktop/606 project/CSCE606_Project/app/models/course.rb": {
        "lines": [
          null,
          null,
          1,
          1,
          1,
          1,
          330,
          null,
          1,
          550,
          null,
          null
        ]
      }
    },
    "timestamp": 1741624716
  }
}
